<?xml version="1.0" encoding="UTF-8"?>
<!-- Generated by org.testng.reporters.JUnitReportReporter -->
<testsuite hostname="DESKTOP-PRI1S77" failures="0" tests="1" name="com.ActiTime.TestCases.Licenses" time="0.000" errors="0" timestamp="2021-03-31T00:44:07 IST" skipped="1">
  <testcase classname="com.ActiTime.TestCases.Licenses" name="Print_no_of_product_date_users_text" time="0.000">
    <skipped/>
  </testcase> <!-- Print_no_of_product_date_users_text -->
  <system-out/>
</testsuite> <!-- com.ActiTime.TestCases.Licenses -->
