<?xml version="1.0" encoding="UTF-8"?>
<!-- Generated by org.testng.reporters.JUnitReportReporter -->
<testsuite hostname="DESKTOP-PRI1S77" failures="0" tests="3" name="com.ActiTime.TestCases.loginTest" time="25.661" errors="0" timestamp="2021-05-30T21:33:55 IST" skipped="1">
  <testcase classname="com.ActiTime.TestCases.loginTest" name="login" time="11.661"/>
  <system-out/>
  <testcase classname="com.ActiTime.TestCases.loginTest" name="VerifyActitimeVersion" time="14.000"/>
  <system-out>
actiTime version is actiTIME 2017.4 build version is (build 39769) java version is 1.8.0_92-b14  </system-out>
  <testcase classname="com.ActiTime.TestCases.loginTest" name="CreateUser">
    <skipped/>
  </testcase> <!-- CreateUser -->
  <system-out/>
</testsuite> <!-- com.ActiTime.TestCases.loginTest -->
